{"/mnt/d/hexlet/frontend-project-lvl2/module/genDiff.js": {"path":"/mnt/d/hexlet/frontend-project-lvl2/module/genDiff.js","all":false,"statementMap":{"0":{"start":{"line":1,"column":0},"end":{"line":1,"column":34}},"1":{"start":{"line":2,"column":0},"end":{"line":2,"column":23}},"2":{"start":{"line":3,"column":0},"end":{"line":3,"column":0}},"3":{"start":{"line":4,"column":0},"end":{"line":4,"column":47}},"4":{"start":{"line":5,"column":0},"end":{"line":5,"column":25}},"5":{"start":{"line":6,"column":0},"end":{"line":6,"column":59}},"6":{"start":{"line":7,"column":0},"end":{"line":7,"column":59}},"7":{"start":{"line":8,"column":0},"end":{"line":8,"column":29}},"8":{"start":{"line":9,"column":0},"end":{"line":9,"column":29}},"9":{"start":{"line":10,"column":0},"end":{"line":10,"column":43}},"10":{"start":{"line":11,"column":0},"end":{"line":11,"column":36}},"11":{"start":{"line":12,"column":0},"end":{"line":12,"column":0}},"12":{"start":{"line":13,"column":0},"end":{"line":13,"column":32}},"13":{"start":{"line":14,"column":0},"end":{"line":14,"column":84}},"14":{"start":{"line":15,"column":0},"end":{"line":15,"column":51}},"15":{"start":{"line":16,"column":0},"end":{"line":16,"column":91}},"16":{"start":{"line":17,"column":0},"end":{"line":17,"column":51}},"17":{"start":{"line":18,"column":0},"end":{"line":18,"column":51}},"18":{"start":{"line":19,"column":0},"end":{"line":19,"column":37}},"19":{"start":{"line":20,"column":0},"end":{"line":20,"column":51}},"20":{"start":{"line":21,"column":0},"end":{"line":21,"column":12}},"21":{"start":{"line":22,"column":0},"end":{"line":22,"column":51}},"22":{"start":{"line":23,"column":0},"end":{"line":23,"column":5}},"23":{"start":{"line":24,"column":0},"end":{"line":24,"column":5}},"24":{"start":{"line":25,"column":0},"end":{"line":25,"column":0}},"25":{"start":{"line":26,"column":0},"end":{"line":26,"column":19}},"26":{"start":{"line":27,"column":0},"end":{"line":27,"column":49}},"27":{"start":{"line":28,"column":0},"end":{"line":28,"column":1}},"28":{"start":{"line":29,"column":0},"end":{"line":29,"column":0}},"29":{"start":{"line":30,"column":0},"end":{"line":30,"column":64}}},"s":{"0":1,"1":1,"2":1,"3":1,"4":1,"5":1,"6":1,"7":1,"8":1,"9":1,"10":5,"11":2,"12":5,"13":5,"14":4,"15":4,"16":4,"17":2,"18":3,"19":1,"20":1,"21":1,"22":1,"23":1,"24":1,"25":1,"26":1,"27":1,"28":1,"29":1},"branchMap":{"0":{"type":"branch","line":1,"loc":{"start":{"line":1,"column":0},"end":{"line":27,"column":29}},"locations":[{"start":{"line":1,"column":0},"end":{"line":27,"column":29}}]},"1":{"type":"branch","line":1,"loc":{"start":{"line":1,"column":0},"end":{"line":22,"column":47}},"locations":[{"start":{"line":1,"column":0},"end":{"line":22,"column":47}}]},"2":{"type":"branch","line":10,"loc":{"start":{"line":10,"column":14},"end":{"line":20,"column":37}},"locations":[{"start":{"line":10,"column":14},"end":{"line":20,"column":37}}]},"3":{"type":"branch","line":11,"loc":{"start":{"line":11,"column":10},"end":{"line":11,"column":32}},"locations":[{"start":{"line":11,"column":10},"end":{"line":11,"column":32}}]},"4":{"type":"branch","line":11,"loc":{"start":{"line":11,"column":33},"end":{"line":13,"column":25}},"locations":[{"start":{"line":11,"column":33},"end":{"line":13,"column":25}}]},"5":{"type":"branch","line":13,"loc":{"start":{"line":13,"column":27},"end":{"line":14,"column":53}},"locations":[{"start":{"line":13,"column":27},"end":{"line":14,"column":53}}]},"6":{"type":"branch","line":14,"loc":{"start":{"line":14,"column":53},"end":{"line":20,"column":33}},"locations":[{"start":{"line":14,"column":53},"end":{"line":20,"column":33}}]},"7":{"type":"branch","line":14,"loc":{"start":{"line":14,"column":83},"end":{"line":15,"column":20}},"locations":[{"start":{"line":14,"column":83},"end":{"line":15,"column":20}}]},"8":{"type":"branch","line":15,"loc":{"start":{"line":15,"column":21},"end":{"line":15,"column":51}},"locations":[{"start":{"line":15,"column":21},"end":{"line":15,"column":51}}]},"9":{"type":"branch","line":16,"loc":{"start":{"line":16,"column":1},"end":{"line":17,"column":20}},"locations":[{"start":{"line":16,"column":1},"end":{"line":17,"column":20}}]},"10":{"type":"branch","line":17,"loc":{"start":{"line":17,"column":20},"end":{"line":20,"column":33}},"locations":[{"start":{"line":17,"column":20},"end":{"line":20,"column":33}}]},"11":{"type":"branch","line":18,"loc":{"start":{"line":18,"column":-1},"end":{"line":19,"column":6}},"locations":[{"start":{"line":18,"column":-1},"end":{"line":19,"column":6}}]},"12":{"type":"branch","line":19,"loc":{"start":{"line":19,"column":6},"end":{"line":20,"column":33}},"locations":[{"start":{"line":19,"column":6},"end":{"line":20,"column":33}}]}},"b":{"0":[1],"1":[1],"2":[5],"3":[4],"4":[2],"5":[1],"6":[4],"7":[3],"8":[1],"9":[1],"10":[3],"11":[2],"12":[1]},"fnMap":{"0":{"name":"genDiff","decl":{"start":{"line":1,"column":0},"end":{"line":22,"column":47}},"loc":{"start":{"line":1,"column":0},"end":{"line":22,"column":47}},"line":1}},"f":{"0":1}}
}
