TN:
SF:module/genDiff.js
FN:1,genDiff
FNF:1
FNH:1
FNDA:1,genDiff
DA:1,1
DA:2,1
DA:3,1
DA:4,1
DA:5,1
DA:6,1
DA:7,1
DA:8,1
DA:9,1
DA:10,1
DA:11,5
DA:12,2
DA:13,5
DA:14,5
DA:15,4
DA:16,4
DA:17,4
DA:18,2
DA:19,3
DA:20,1
DA:21,1
DA:22,1
DA:23,1
DA:24,1
DA:25,1
DA:26,1
DA:27,1
DA:28,1
DA:29,1
DA:30,1
LF:30
LH:30
BRDA:1,0,0,1
BRDA:1,1,0,1
BRDA:10,2,0,5
BRDA:11,3,0,4
BRDA:11,4,0,2
BRDA:13,5,0,1
BRDA:14,6,0,4
BRDA:14,7,0,3
BRDA:15,8,0,1
BRDA:16,9,0,1
BRDA:17,10,0,3
BRDA:18,11,0,2
BRDA:19,12,0,1
BRF:13
BRH:13
end_of_record
